Loading required package: optparse
R version 3.6.1 (2019-07-05)
Platform: x86_64-conda_cos6-linux-gnu (64-bit)
Running under: Red Hat Enterprise Linux Server 7.9 (Maipo)

Matrix products: default
BLAS/LAPACK: /stanley/genetics/users/wzhou/.conda/envs/RSAIGE/lib/R/lib/libRblas.so

locale:
[1] C

attached base packages:
[1] stats     graphics  grDevices utils     datasets  methods   base     

other attached packages:
[1] optparse_1.6.4 SAIGE_1.0.6   

loaded via a namespace (and not attached):
[1] compiler_3.6.1     Matrix_1.2-17      Rcpp_1.0.7         getopt_1.20.3     
[5] grid_3.6.1         data.table_1.12.2  RcppParallel_4.4.4 lattice_0.20-38   
$plinkFile
[1] "./input/nfam_100_nindep_0_step1_includeMoreRareVariants_poly_22chr"

$phenoFile
[1] "./input/pheno_1000samples.txt_withdosages_withBothTraitTypes.txt"

$phenoCol
[1] "y_binary"

$traitType
[1] "binary"

$invNormalize
[1] FALSE

$covarColList
[1] "x1,x2,a9,a10"

$qCovarColList
[1] "a9,a10"

$sampleIDColinphenoFile
[1] "IID"

$tol
[1] 0.02

$maxiter
[1] 20

$tolPCG
[1] 1e-05

$maxiterPCG
[1] 500

$nThreads
[1] 24

$SPAcutoff
[1] 2

$numRandomMarkerforVarianceRatio
[1] 30

$skipModelFitting
[1] TRUE

$skipVarianceRatioEstimation
[1] FALSE

$memoryChunk
[1] 2

$tauInit
[1] "0,0"

$LOCO
[1] TRUE

$traceCVcutoff
[1] 0.0025

$ratioCVcutoff
[1] 0.001

$outputPrefix
[1] "./output/example_binary"

$outputPrefix_varRatio
[1] ""

$IsOverwriteVarianceRatioFile
[1] TRUE

$sparseGRMFile
[1] ""

$sparseGRMSampleIDFile
[1] ""

$isCateVarianceRatio
[1] FALSE

$relatednessCutoff
[1] 0

$cateVarRatioMinMACVecExclude
[1] "10,20.5"

$cateVarRatioMaxMACVecInclude
[1] "20.5"

$isCovariateTransform
[1] TRUE

$isDiagofKinSetAsOne
[1] FALSE

$useSparseGRMtoFitNULL
[1] FALSE

$useSparseGRMforVarRatio
[1] FALSE

$minMAFforGRM
[1] 0.01

$maxMissingRateforGRM
[1] 0.15

$minCovariateCount
[1] -1

$includeNonautoMarkersforVarRatio
[1] FALSE

$FemaleOnly
[1] FALSE

$MaleOnly
[1] FALSE

$sexCol
[1] ""

$FemaleCode
[1] "1"

$MaleCode
[1] "0"

$isCovariateOffset
[1] TRUE

$SampleIDIncludeFile
[1] ""

$help
[1] FALSE

tauInit  is  0 0 
cateVarRatioMinMACVecExclude  is  10 20.5 
cateVarRatioMaxMACVecInclude  is  20.5 
The variance ratio file  ./output/example_binary.varianceRatio.txt  already exists. IsOverwriteVarianceRatioFile=TRUE so the file will be overwritten
24  threads will be used  
WARNING: Genetic variants needs to be ordered by chromosome and position in the Plink file
chromosomeStartIndexVec:  0 5858 11716 17574 23432 29290 35148 41006 46864 52722 58580 64438 70296 76154 82012 87870 93728 99586 105444 111302 117160 123018 
chromosomeEndIndexVec:  5857 11715 17573 23431 29289 35147 41005 46863 52721 58579 64437 70295 76153 82011 87869 93727 99585 105443 111301 117159 123017 128867 
1000  samples have genotypes
a9 a10 are categorical covariates
formula is  y_binary~x1+x2+a9+a10 
1000  samples have non-missing phenotypes
1000  samples will be used for analysis
    IID X.Intercept.          x1 x2 a91 a92 a101 a102 y_binary IndexPheno
1   1a1            1  1.51178117  1   1   0    0    0        0          1
113 1a2            1  0.38984324  1   1   0    1    0        0          2
224 1a3            1 -0.62124058  1   0   0    1    0        0          3
335 1a4            1 -2.21469989  1   1   0    1    0        0          4
446 1a5            1  1.12493092  1   1   0    0    0        0          5
557 1a6            1 -0.04493361  1   1   0    0    0        0          6
    IndexGeno
1           1
113         2
224         3
335         4
446         5
557         6
qr transformation has been performed on covariates
colnames(data.new) is  y_binary minus1 x1 x2 a91 a92 a101 a102 
out.transform$Param.transform$qrr:  7 7 
[1] "isCovariateOffset=TRUE, so fixed effects coefficnets won't be estimated."
Markers in the Plink file with MAF <  0.01  will be removed before constructing GRM
Markers in the Plink file with missing rate >  0.15  will be removed before constructing GRM
y_binary  is a binary trait
[1] "formula.new"
y_binary ~ 1
<environment: 0x556d080b0fa0>
[1] "head(data.new)"
    y_binary minus1          x1         x2        a91         a92       a101
1          0     -1 -1.50906738 -0.9445723 -1.1423374 -0.03116058 -0.7961688
113        0     -1 -0.40405771 -0.9708608 -1.0851127 -0.01649437  1.3399560
224        0     -1  0.59177046 -0.9945518  0.9714451  0.84472062  1.2762094
335        0     -1  2.16118701 -1.0318886 -0.9522675  0.01755277  1.4469364
446        0     -1 -1.12805409 -0.9536367 -1.1226060 -0.02610359 -0.7802791
557        0     -1  0.02415905 -0.9810482 -1.0629368 -0.01081087 -0.7322274
           a102    covoffset
1   -0.35899208  1.555572774
113  0.01645743  0.741612976
224  0.06753213  0.003928598
335  0.05052077 -1.186262432
446 -0.35393268  1.269227320
557 -0.33863269  0.403296926
glm:

Call:  glm(formula = formula.new, family = binomial, data = data.new, 
    offset = covoffset)

Coefficients:
(Intercept)  
     -2.525  

Degrees of Freedom: 999 Total (i.e. Null);  999 Residual
Null Deviance:	    576.8 
Residual Deviance: 576.8 	AIC: 578.8
Skip fitting the NULL GLMM
nbyte: 250
nbyte: 250
reserve: 32474736

M: 128868, N: 1000
setgeno mark1
g_randMarkerIndforVR_sort
          169
          236
          249
          614
         1047
         1233
         1265
         1422
         1436
         1461
         1515
         1685
         1689
         1725
         2140
         2314
         2707
         2930
         3006
         3125
         3543
         3580
         3658
         3785
         3963
         4086
         4438
         4467
         4546
         4580
         4621
         4664
         4808
         5049
         5057
         5351
         5497
         5526
         5569
         5881
         5987
         6180
         6398
         6500
         6542
         6544
         6648
         6720
         6796
         6983
         7108
         7393
         7465
         7514
         7594
         7719
         7962
         7985
         8017
         8091
         8222
         8222
         8306
         8363
         8369
         8479
         8568
         8579
         8820
         9024
         9108
         9169
         9337
         9405
         9439
         9700
         9840
         9892
         9909
         9931
         9942
        10237
        10598
        10710
        10856
        10993
        11076
        11133
        12068
        12119
        12163
        12224
        12262
        12604
        12779
        12818
        12904
        12999
        13297
        13529
        13537
        13743
        13910
        14021
        14050
        14059
        14221
        14627
        14863
        15103
        15170
        15322
        15369
        15500
        15653
        15682
        15906
        15944
        16180
        16202
        16537
        16567
        16644
        16671
        16935
        16938
        17039
        17099
        17117
        17234
        17282
        17290
        17334
        17588
        17749
        17864
        18188
        18377
        18449
        18467
        18508
        18529
        18887
        18985
        19005
        19052
        19092
        19099
        19113
        19689
        19952
        19955
        20026
        20195
        20309
        20389
        20412
        20591
        20824
        20890
        21016
        21176
        21249
        21266
        21316
        21321
        21613
        21818
        21853
        21938
        22139
        22351
        22378
        22568
        22725
        22739
        22752
        22834
        22894
        22926
        22932
        23307
        23346
        23354
        23849
        23997
        24153
        24187
        24215
        24248
        24381
        24456
        24647
        24647
        24769
        24781
        24911
        24972
        25405
        25701
        25990
        26029
        26120
        26148
        26447
        26543
        26565
        26745
        26809
        26886
        27181
        27338
        27403
        27410
        27475
        28070
        28176
        28354
        28519
        28584
        28836
        28947
        29012
        29093
        29173
        29466
        29699
        29918
        30273
        30575
        30765
        30782
        30880
        30881
        30943
        30944
        31032
        31131
        31280
        31309
        31546
        31635
        31924
        31945
        32475
        32987
        33037
        33140
        33199
        33250
        33269
        33325
        33596
        33625
        33819
        33824
        33832
        34053
        34101
        34215
        34219
        34435
        34436
        34473
        34520
        34659
        34703
        34827
        34971
        35036
        35152
        35213
        35654
        35677
        35781
        35793
        35820
        36179
        36358
        36454
        36499
        36531
        36700
        37232
        37672
        37751
        37836
        37836
        37852
        37886
        38363
        38423
        38486
        38878
        38973
        39394
        39490
        39698
        39729
        40177
        40211
        40269
        40490
        40706
        40757
        40869
        40975
        41430
        41517
        41864
        41915
        41927
        42141
        42289
        42364
        42368
        42612
        42810
        42835
        42948
        42980
        42991
        43012
        43212
        43233
        43266
        43357
        43412
        43507
        43637
        43695
        43812
        43845
        43860
        44048
        44168
        44393
        44609
        44676
        44746
        44839
        44874
        44880
        44884
        44916
        44941
        44967
        45184
        45306
        45318
        45515
        45565
        45604
        45959
        45970
        45999
        46058
        46215
        46448
        46636
        46688
        46868
        47238
        47291
        47563
        47576
        47716
        47721
        47727
        47795
        47912
        47954
        48050
        48075
        48259
        48353
        48809
        48876
        48953
        48974
        49033
        49180
        49191
        49277
        49292
        49451
        49498
        49524
        49755
        49757
        49887
        50010
        50117
        50257
        50268
        50433
        50563
        50767
        51179
        51251
        51269
        51372
        51431
        51463
        51546
        51605
        51655
        51830
        52280
        52289
        52293
        52427
        52613
        52846
        52984
        53000
        53238
        53486
        53521
        53591
        53848
        53908
        53910
        54121
        54152
        54310
        54458
        54523
        54583
        54659
        54910
        55200
        55216
        55252
        55364
        55376
        55600
        55603
        55770
        55903
        55932
        56013
        56021
        56044
        56056
        56183
        56306
        56456
        56464
        56513
        56889
        56960
        56980
        56980
        57025
        57036
        57505
        57511
        57787
        58053
        58227
        58321
        58341
        58394
        58492
        58583
        58670
        58782
        58807
        59158
        59224
        59291
        59394
        59479
        59631
        59789
        60196
        60471
        60584
        60655
        60816
        60855
        60888
        60897
        61019
        61091
        61263
        61318
        61365
        61386
        61499
        61510
        61529
        61549
        61563
        61614
        61669
        61835
        62124
        62136
        62417
        62499
        62587
        62649
        62999
        63112
        63140
        63148
        63479
        63495
        63572
        63601
        63745
        63789
        63797
        63866
        64006
        64137
        64159
        64242
        64490
        64543
        64660
        64685
        64724
        64864
        65146
        65186
        65328
        65340
        65384
        65418
        65738
        65846
        65873
        66332
        66434
        66511
        66598
        66626
        66747
        66827
        66835
        67301
        67328
        67525
        67695
        67788
        67925
        67953
        68014
        68048
        68252
        68263
        68406
        68635
        68694
        69313
        69433
        69519
        69561
        69843
        69863
        69889
        70134
        70405
        70574
        70641
        71040
        71268
        71325
        71415
        71429
        71508
        71800
        72077
        72282
        72422
        72446
        72524
        72715
        72845
        73156
        73734
        73822
        74082
        74331
        74506
        74522
        74531
        74908
        75027
        75650
        75765
        75782
        75828
        76105
        76330
        76495
        76768
        76863
        76965
        77074
        77114
        77161
        77264
        77519
        77783
        77784
        77809
        77956
        78004
        78150
        78540
        78577
        78611
        78921
        79208
        79951
        79953
        80000
        80036
        80126
        80340
        80460
        80505
        80574
        80755
        81072
        81240
        81321
        81369
        81637
        81815
        81817
        81953
        82206
        82488
        82760
        82770
        82835
        83004
        83031
        83033
        83257
        83336
        83385
        83508
        83577
        83710
        83876
        83979
        84014
        84195
        84372
        84374
        84558
        84772
        84802
        84908
        85029
        85155
        85311
        85440
        85483
        85648
        86051
        86090
        86143
        86387
        86523
        86819
        87090
        87095
        87135
        87188
        87257
        87342
        87816
        87989
        88288
        88535
        88696
        88843
        88848
        88870
        88952
        89151
        89167
        89270
        89531
        89564
        89717
        89770
        90056
        90172
        90524
        90565
        90715
        90962
        91066
        91293
        91333
        91364
        91640
        91721
        91782
        91813
        91820
        91823
        92104
        92136
        92213
        92213
        92248
        92345
        92410
        92478
        92518
        92638
        92773
        92838
        93223
        93260
        93263
        93265
        93331
        93363
        93364
        93481
        93710
        93785
        93794
        93984
        94048
        94193
        94250
        94304
        94371
        94385
        94423
        94718
        95015
        95316
        95488
        95501
        95745
        95762
        96020
        96225
        96346
        96628
        96764
        96808
        96844
        96850
        97080
        97257
        97272
        97507
        97540
        97564
        97695
        97771
        97980
        98194
        98216
        98354
        98752
        98821
        98859
        98989
        99207
        99257
        99312
        99323
       100109
       100149
       100171
       100187
       100264
       100282
       100329
       100377
       100515
       100648
       100798
       100884
       100894
       100916
       101102
       101153
       101488
       101689
       101706
       101722
       102112
       102180
       102352
       102686
       102747
       102941
       103241
       103311
       103496
       103660
       103937
       104495
       104657
       104680
       104825
       104873
       104930
       105495
       105632
       105665
       105693
       105707
       105793
       105821
       105980
       106031
       106621
       106666
       106712
       106771
       106857
       106873
       106944
       106992
       107175
       107205
       107671
       107828
       107916
       108040
       108176
       108314
       108328
       108423
       108582
       108651
       108971
       109053
       109264
       109467
       109480
       109676
       109752
       110053
       110192
       110327
       110504
       110657
       110915
       110982
       111088
       111150
       111294
       111385
       111412
       111446
       111703
       111759
       112070
       112075
       112218
       112498
       112649
       112667
       112800
       112877
       112923
       113024
       113091
       113330
       113444
       113483
       113887
       114077
       114235
       114236
       114975
       115067
       115152
       115348
       115394
       115703
       115773
       115888
       116102
       116269
       116378
       116567
       116699
       116795
       116915
       116920
       117038
       117277
       117317
       117482
       117640
       117757
       118153
       118472
       118625
       118665
       119069
       119083
       119121
       119232
       119244
       119346
       119499
       119612
       119651
       119668
       119689
       119751
       119814
       119923
       120178
       120209
       120222
       120451
       120453
       120460
       120583
       120900
       120931
       121024
       121175
       121403
       121458
       121484
       121516
       121612
       121615
       121704
       121738
       121753
       121980
       122014
       122040
       122162
       122287
       122547
       122857
       122881
       122905
       122988
       123087
       123156
       123234
       123358
       123408
       123709
       123792
       123854
       123894
       123952
       124013
       124140
       124269
       124315
       124900
       124941
       125022
       125060
       125115
       125130
       125482
       125619
       125731
       125797
       126104
       126337
       126421
       126492
       126911
       126947
       127104
       127205
       127429
       127514
       127660
       127664
       127720
       127816
       127824
       127925
       127938
       128062
       128083
       128348
       128362
       128366
       128797
       128859
setgeno mark2
SNPIdx 614
SNPIdx 1233
SNPIdx 1265
SNPIdx 1422
SNPIdx 1436
SNPIdx 1461
SNPIdx 1515
SNPIdx 1685
SNPIdx 1689
SNPIdx 1725
SNPIdx 2140
SNPIdx 2314
SNPIdx 2707
SNPIdx 2930
SNPIdx 3543
SNPIdx 3580
SNPIdx 3658
SNPIdx 3963
SNPIdx 4086
SNPIdx 4621
SNPIdx 4664
SNPIdx 5049
SNPIdx 5351
SNPIdx 5497
SNPIdx 5526
SNPIdx 5569
SNPIdx 5881
SNPIdx 5987
SNPIdx 6398
SNPIdx 6500
SNPIdx 6542
SNPIdx 6544
SNPIdx 6720
SNPIdx 7108
SNPIdx 7465
SNPIdx 7594
SNPIdx 7719
SNPIdx 7985
SNPIdx 8091
SNPIdx 8222
SNPIdx 8306
SNPIdx 8363
SNPIdx 8369
SNPIdx 8479
SNPIdx 8568
SNPIdx 8579
SNPIdx 8820
SNPIdx 9024
SNPIdx 9108
SNPIdx 9169
SNPIdx 9405
SNPIdx 9439
SNPIdx 9700
SNPIdx 9892
SNPIdx 9909
SNPIdx 9931
SNPIdx 9942
SNPIdx 10237
SNPIdx 10598
SNPIdx 10710
SNPIdx 10856
SNPIdx 10993
SNPIdx 11076
SNPIdx 11133
SNPIdx 12068
SNPIdx 12119
SNPIdx 12163
SNPIdx 12224
SNPIdx 12262
SNPIdx 12604
SNPIdx 12779
SNPIdx 12904
SNPIdx 12999
SNPIdx 13297
SNPIdx 13743
SNPIdx 14021
SNPIdx 14050
SNPIdx 14221
SNPIdx 14627
SNPIdx 14863
SNPIdx 15103
SNPIdx 15322
SNPIdx 15369
SNPIdx 15500
SNPIdx 15653
SNPIdx 15682
SNPIdx 15906
SNPIdx 15944
SNPIdx 16180
SNPIdx 16202
SNPIdx 16537
SNPIdx 16567
SNPIdx 16671
SNPIdx 16935
SNPIdx 16938
SNPIdx 17039
SNPIdx 17099
SNPIdx 17117
SNPIdx 17234
SNPIdx 17282
SNPIdx 17290
SNPIdx 17334
SNPIdx 17588
SNPIdx 17864
SNPIdx 18188
SNPIdx 18377
SNPIdx 18449
SNPIdx 18467
SNPIdx 18508
SNPIdx 18529
SNPIdx 18887
SNPIdx 18985
SNPIdx 19005
SNPIdx 19052
SNPIdx 19092
SNPIdx 19099
SNPIdx 19113
SNPIdx 19952
SNPIdx 19955
SNPIdx 20026
SNPIdx 20195
SNPIdx 20309
SNPIdx 20389
SNPIdx 20412
SNPIdx 20591
SNPIdx 20824
SNPIdx 20890
SNPIdx 21016
SNPIdx 21176
SNPIdx 21249
SNPIdx 21316
SNPIdx 21321
SNPIdx 21613
SNPIdx 21818
SNPIdx 21853
SNPIdx 21938
SNPIdx 22139
SNPIdx 22351
SNPIdx 22378
SNPIdx 22725
SNPIdx 22739
SNPIdx 22752
SNPIdx 22834
SNPIdx 22894
SNPIdx 22926
SNPIdx 22932
SNPIdx 23307
SNPIdx 23346
SNPIdx 23354
SNPIdx 23849
SNPIdx 23997
SNPIdx 24153
SNPIdx 24215
SNPIdx 24248
SNPIdx 24381
SNPIdx 24456
SNPIdx 24647
SNPIdx 24769
SNPIdx 24781
SNPIdx 24911
SNPIdx 24972
SNPIdx 25405
SNPIdx 25701
SNPIdx 25990
SNPIdx 26029
SNPIdx 26148
SNPIdx 26447
SNPIdx 26543
SNPIdx 26565
SNPIdx 26745
SNPIdx 26809
SNPIdx 26886
SNPIdx 27403
SNPIdx 27410
SNPIdx 27475
SNPIdx 28176
SNPIdx 28354
SNPIdx 28519
SNPIdx 28836
SNPIdx 28947
SNPIdx 29012
SNPIdx 29093
SNPIdx 29173
SNPIdx 29466
SNPIdx 29699
SNPIdx 29918
SNPIdx 30273
SNPIdx 30575
SNPIdx 30765
SNPIdx 30782
SNPIdx 30881
SNPIdx 30943
SNPIdx 30944
SNPIdx 31032
SNPIdx 31131
SNPIdx 31280
SNPIdx 31309
SNPIdx 31635
SNPIdx 31945
SNPIdx 32475
111105 markers with MAF >= 0.01 and missing rate <= 0.15 are used for GRM.
time: 2600
[1] 128868
[1] 1
WARNING: Genetic variants needs to be ordered by chromosome and position in the Plink file
chromosomeStartIndexVec:  0 4725 9793 14506 19498 24590 29617 34668 39712 44662 49753 54918 60069 65158 70421 75680 80837 85931 90806 95809 100965 106121 
chromosomeEndIndexVec:  4724 9792 14505 19497 24589 29616 34667 39711 44661 49752 54917 60068 65157 70420 75679 80836 85930 90805 95808 100964 106120 111104 
Start estimating variance ratios

Family: binomial 
Link function: logit 

iter from getPCG1ofSigmaAndVector 3
iter from getPCG1ofSigmaAndVector 3
iter from getPCG1ofSigmaAndVector 3
iter from getPCG1ofSigmaAndVector 3
iter from getPCG1ofSigmaAndVector 3
iter from getPCG1ofSigmaAndVector 3
iter from getPCG1ofSigmaAndVector 3
length(MACvector):  111105 
length(MACvector_forVarRatio):  200 
Only one variance ratio will be estimated using randomly selected markers with MAC >= 20
84 th marker in geno  1 
MAC:  33 
G0 0 0 0 0 0 0 0 0 0 0 
CHR  1 
iter from getPCG1ofSigmaAndVector 3
123 th marker in geno  1 
MAC:  89 
G0 0 0 0 0 0 1 0 0 1 1 
CHR  1 
iter from getPCG1ofSigmaAndVector 3
3 th marker in geno  1 
MAC:  26 
G0 0 0 0 0 0 0 0 0 0 0 
CHR  1 
iter from getPCG1ofSigmaAndVector 3
24 th marker in geno  1 
MAC:  150 
G0 0 0 0 0 0 0 0 0 0 0 
CHR  1 
iter from getPCG1ofSigmaAndVector 3
190 th marker in geno  1 
MAC:  25 
G0 0 0 0 0 0 0 0 0 0 0 
CHR  1 
iter from getPCG1ofSigmaAndVector 3
74 th marker in geno  1 
MAC:  38 
G0 0 0 0 0 0 0 0 0 0 0 
CHR  1 
iter from getPCG1ofSigmaAndVector 3
19 th marker in geno  1 
MAC:  760 
G0 0 2 1 1 1 1 1 1 0 0 
CHR  1 
iter from getPCG1ofSigmaAndVector 3
183 th marker in geno  1 
MAC:  209 
G0 1 0 0 1 0 0 0 0 1 1 
CHR  1 
iter from getPCG1ofSigmaAndVector 3
151 th marker in geno  1 
MAC:  702 
G0 2 0 1 1 0 0 1 1 1 0 
CHR  1 
iter from getPCG1ofSigmaAndVector 3
111 th marker in geno  1 
MAC:  216 
G0 0 0 0 0 0 0 0 0 0 0 
CHR  1 
iter from getPCG1ofSigmaAndVector 3
29 th marker in geno  1 
MAC:  29 
G0 0 0 0 0 0 0 0 0 0 0 
CHR  1 
iter from getPCG1ofSigmaAndVector 3
65 th marker in geno  1 
MAC:  831 
G0 0 2 1 1 2 2 2 2 1 2 
CHR  1 
iter from getPCG1ofSigmaAndVector 3
179 th marker in geno  1 
MAC:  66 
G0 0 0 0 0 0 0 0 0 0 0 
CHR  1 
iter from getPCG1ofSigmaAndVector 3
22 th marker in geno  1 
MAC:  30 
G0 0 0 0 0 0 0 0 0 0 0 
CHR  1 
iter from getPCG1ofSigmaAndVector 3
108 th marker in geno  1 
MAC:  577 
G0 0 0 0 0 0 1 0 0 0 1 
CHR  1 
iter from getPCG1ofSigmaAndVector 3
97 th marker in geno  1 
MAC:  60 
G0 0 0 0 0 0 0 0 0 0 0 
CHR  1 
iter from getPCG1ofSigmaAndVector 3
185 th marker in geno  1 
MAC:  695 
G0 0 1 0 0 0 0 0 0 0 0 
CHR  1 
iter from getPCG1ofSigmaAndVector 3
125 th marker in geno  1 
MAC:  361 
G0 1 1 1 1 0 0 1 1 1 0 
CHR  1 
iter from getPCG1ofSigmaAndVector 3
8 th marker in geno  1 
MAC:  81 
G0 0 1 1 0 0 0 1 1 0 0 
CHR  1 
iter from getPCG1ofSigmaAndVector 3
144 th marker in geno  1 
MAC:  344 
G0 0 0 0 0 1 1 1 1 0 0 
CHR  1 
iter from getPCG1ofSigmaAndVector 3
149 th marker in geno  1 
MAC:  71 
G0 0 0 0 0 0 0 0 0 0 0 
CHR  1 
iter from getPCG1ofSigmaAndVector 3
21 th marker in geno  1 
MAC:  85 
G0 0 0 0 0 0 0 0 0 0 0 
CHR  1 
iter from getPCG1ofSigmaAndVector 3
99 th marker in geno  1 
MAC:  24 
G0 1 0 0 0 0 1 0 0 1 1 
CHR  1 
iter from getPCG1ofSigmaAndVector 3
167 th marker in geno  1 
MAC:  65 
G0 0 0 0 0 1 0 0 0 0 0 
CHR  1 
iter from getPCG1ofSigmaAndVector 3
133 th marker in geno  1 
MAC:  87 
G0 0 0 0 0 0 0 0 0 0 0 
CHR  1 
iter from getPCG1ofSigmaAndVector 3
132 th marker in geno  1 
MAC:  145 
G0 0 0 0 0 0 0 0 0 0 0 
CHR  1 
iter from getPCG1ofSigmaAndVector 3
105 th marker in geno  1 
MAC:  373 
G0 1 0 0 1 0 1 0 0 0 0 
CHR  1 
iter from getPCG1ofSigmaAndVector 3
10 th marker in geno  1 
MAC:  107 
G0 0 0 0 0 0 0 0 0 0 0 
CHR  1 
iter from getPCG1ofSigmaAndVector 3
2 th marker in geno  1 
MAC:  723 
G0 0 0 0 0 2 1 1 1 1 0 
CHR  1 
iter from getPCG1ofSigmaAndVector 3
76 th marker in geno  1 
MAC:  96 
G0 0 1 0 1 0 0 0 0 1 1 
CHR  1 
iter from getPCG1ofSigmaAndVector 3
CV for variance ratio estimate using  30  markers is  0.0001723567  <  0.001 
varRatio_null 0.9409036 
         V1   V2 V3
1 0.9409036 null  1
closed the plinkFile!
