Loading required package: optparse
R version 4.1.3 (2022-03-10)
Platform: x86_64-conda-linux-gnu (64-bit)
Running under: Red Hat Enterprise Linux Server 7.9 (Maipo)

Matrix products: default
BLAS/LAPACK: /stanley/genetics/users/wzhou/.conda/envs/RSAIGE/lib/libopenblasp-r0.3.20.so

locale:
[1] C

attached base packages:
[1] stats     graphics  grDevices utils     datasets  methods   base     

other attached packages:
[1] optparse_1.7.1 SAIGE_1.3.3   

loaded via a namespace (and not attached):
[1] compiler_4.1.3     Matrix_1.4-1       Rcpp_1.0.8.3       getopt_1.20.3     
[5] grid_4.1.3         data.table_1.14.2  RcppParallel_5.1.5 lattice_0.20-45   
$plinkFile
[1] "./input/nfam_100_nindep_0_step1_includeMoreRareVariants_poly"

$phenoFile
[1] "./input/pheno_1000samples.txt_withdosages_withBothTraitTypes.txt"

$phenoCol
[1] "y_binary"

$traitType
[1] "binary"

$invNormalize
[1] FALSE

$covarColList
[1] "x1,x2"

$sampleIDColinphenoFile
[1] "IID"

$tol
[1] 0.02

$maxiter
[1] 20

$tolPCG
[1] 1e-05

$maxiterPCG
[1] 500

$nThreads
[1] 4

$memoryChunk
[1] 2

$tauInit
[1] "0,0"

$outputPrefix
[1] "~/"

$IsSparseKin
[1] FALSE

$sparseGRMFile
[1] "./output/sparseGRM_relatednessCutoff_0.05_2000_randomMarkersUsed.sparseGRM.mtx"

$sparseGRMSampleIDFile
[1] "./output/sparseGRM_relatednessCutoff_0.05_2000_randomMarkersUsed.sparseGRM.mtx.sampleIDs.txt"

$numRandomMarkerforSparseKin
[1] 2000

$relatednessCutoff
[1] 0.125

$isCovariateTransform
[1] TRUE

$useSparseSigmaConditionerforPCG
[1] FALSE

$useSparseSigmaforInitTau
[1] FALSE

$useSparseGRMtoFitNULL
[1] TRUE

$minMAFforGRM
[1] 0.01

$minCovariateCount
[1] -1

$FemaleOnly
[1] FALSE

$MaleOnly
[1] FALSE

$sexCol
[1] ""

$FemaleCode
[1] "1"

$MaleCode
[1] "0"

$noEstFixedEff
[1] FALSE

$help
[1] FALSE

tauInit  is  0 0 
Markers in the Plink file with MAF >=  0.01  will be used to construct GRM
sparse GRM will be used to fit the NULL model
4  threads are set to be used  
[1] "a sparse GRM will be used to fit the null model and the variance ratio estimation will be skipped, so plink files are not required"
1000  samples are in the sparse GRM
formula is  y_binary~x1+x2 
1000  samples have non-missing phenotypes
1000  samples will be used for analysis
qr transformation has been performed on covariates
colnames(data.new) is  Y minus1 x1 x2 
out.transform$Param.transform$qrr:  3 3 
extract sparse GRM
[1] 7192
set elements in the sparse GRM <=  0.125  to zero
[1] 6484
1000  samples have been used to fit the glmm null model
[1] "print m4"
[1] 1000 1000
2 locationMat.n_rows 
6484 locationMat.n_cols 
6484 valueVec.n_elem 
y_binary  is a binary trait
nbyte: 250
nbyte: 250
reserve: 32474736

M: 128868, N: 1000
setgeno mark1
setgeno mark2
111305 markers with MAF >= 0.01 and missing rate <= 0
time: 3030
glm:

Call:
glm(formula = formula.new, family = binomial, data = data.new)

Deviance Residuals: 
    Min       1Q   Median       3Q      Max  
-1.1519  -0.4858  -0.3551  -0.2545   2.8436  

Coefficients:
       Estimate Std. Error z value Pr(>|z|)    
minus1   2.5205     0.1338  18.836  < 2e-16 ***
x1      -0.7667     0.1158  -6.621 3.57e-11 ***
x2      -0.4558     0.1183  -3.852 0.000117 ***
---
Signif. codes:  0 '***' 0.001 '**' 0.01 '*' 0.05 '.' 0.1 ' ' 1

(Dispersion parameter for binomial family taken to be 1)

    Null deviance: 1386.29  on 1000  degrees of freedom
Residual deviance:  577.99  on  997  degrees of freedom
AIC: 583.99

Number of Fisher Scoring iterations: 5

[1] 1000
use sparse kinship to fit the model 
t1_Rinv_1 is  398.9558 
Nglmm  141.0644 
closed the plinkFile!
